<?xml version="1.0" encoding="UTF-8"?>
<!-- Generated by org.testng.reporters.JUnitReportReporter -->
<testsuite hostname="DESKTOP-UAETRNU" failures="0" tests="1" name="com.eb.testcases.LoginTest" time="3.853" errors="0" timestamp="2024-04-13T19:09:49 IST" skipped="0">
  <testcase classname="com.eb.testcases.LoginTest" name="verifyLogin" time="3.853"/>
  <system-out/>
</testsuite> <!-- com.eb.testcases.LoginTest -->
