<?xml version="1.0" encoding="UTF-8"?>
<!-- Generated by org.testng.reporters.JUnitReportReporter -->
<testsuite hostname="DESKTOP-UAETRNU" failures="0" tests="1" name="com.eb.testcases.TestCaseDemo" time="0.006" errors="0" timestamp="2024-04-13T16:27:47 IST" skipped="0">
  <testcase classname="com.eb.testcases.TestCaseDemo" name="testCheck" time="0.006"/>
  <system-out/>
</testsuite> <!-- com.eb.testcases.TestCaseDemo -->
